==5085== Memcheck, a memory error detector
==5085== Copyright (C) 2002-2015, and GNU GPL'd, by Julian Seward et al.
==5085== Using Valgrind-3.11.0 and LibVEX; rerun with -h for copyright info
==5085== Command: /home/turing/semesterprojekt_code/leos_code/mpfss/a.out localhost:88888 1
==5085== Parent PID: 18799
==5085== 
--5085-- 
--5085-- Valgrind options:
--5085--    -v
--5085--    --tool=memcheck
--5085--    --leak-check=full
--5085--    --num-callers=40
--5085--    --log-file=valgrind.log
--5085-- Contents of /proc/version:
--5085--   Linux version 4.15.0-39-generic (buildd@lcy01-amd64-012) (gcc version 5.4.0 20160609 (Ubuntu 5.4.0-6ubuntu1~16.04.10)) #42~16.04.1-Ubuntu SMP Wed Oct 24 17:09:54 UTC 2018
--5085-- 
--5085-- Arch and hwcaps: AMD64, LittleEndian, amd64-cx16-lzcnt-rdtscp-sse3-avx-avx2-bmi
--5085-- Page sizes: currently 4096, max supported 4096
--5085-- Valgrind library directory: /usr/lib/valgrind
--5085-- Reading syms from /home/turing/semesterprojekt_code/leos_code/mpfss/a.out
--5085-- Reading syms from /lib/x86_64-linux-gnu/ld-2.23.so
--5085--   Considering /lib/x86_64-linux-gnu/ld-2.23.so ..
--5085--   .. CRC mismatch (computed aa979a42 wanted 9019bbb7)
--5085--   Considering /usr/lib/debug/lib/x86_64-linux-gnu/ld-2.23.so ..
--5085--   .. CRC is valid
--5085-- Reading syms from /usr/lib/valgrind/memcheck-amd64-linux
--5085--   Considering /usr/lib/valgrind/memcheck-amd64-linux ..
--5085--   .. CRC mismatch (computed eea41ea9 wanted 2009db78)
--5085--    object doesn't have a symbol table
--5085--    object doesn't have a dynamic symbol table
--5085-- Scheduler: using generic scheduler lock implementation.
--5085-- Reading suppressions file: /usr/lib/valgrind/default.supp
==5085== embedded gdbserver: reading from /tmp/vgdb-pipe-from-vgdb-to-5085-by-turing-on-???
==5085== embedded gdbserver: writing to   /tmp/vgdb-pipe-to-vgdb-from-5085-by-turing-on-???
==5085== embedded gdbserver: shared mem   /tmp/vgdb-pipe-shared-mem-vgdb-5085-by-turing-on-???
==5085== 
==5085== TO CONTROL THIS PROCESS USING vgdb (which you probably
==5085== don't want to do, unless you know exactly what you're doing,
==5085== or are doing some strange experiment):
==5085==   /usr/lib/valgrind/../../bin/vgdb --pid=5085 ...command...
==5085== 
==5085== TO DEBUG THIS PROCESS USING GDB: start GDB like this
==5085==   /path/to/gdb /home/turing/semesterprojekt_code/leos_code/mpfss/a.out
==5085== and then give GDB the following command
==5085==   target remote | /usr/lib/valgrind/../../bin/vgdb --pid=5085
==5085== --pid is optional if only one valgrind process is running
==5085== 
--5085-- REDIR: 0x401cfd0 (ld-linux-x86-64.so.2:strlen) redirected to 0x3809e181 (???)
--5085-- Reading syms from /usr/lib/valgrind/vgpreload_core-amd64-linux.so
--5085--   Considering /usr/lib/valgrind/vgpreload_core-amd64-linux.so ..
--5085--   .. CRC mismatch (computed 2567ccf6 wanted 49420590)
--5085--    object doesn't have a symbol table
--5085-- Reading syms from /usr/lib/valgrind/vgpreload_memcheck-amd64-linux.so
--5085--   Considering /usr/lib/valgrind/vgpreload_memcheck-amd64-linux.so ..
--5085--   .. CRC mismatch (computed 0e27c9a8 wanted ac585421)
--5085--    object doesn't have a symbol table
==5085== WARNING: new redirection conflicts with existing -- ignoring it
--5085--     old: 0x0401cfd0 (strlen              ) R-> (0000.0) 0x3809e181 ???
--5085--     new: 0x0401cfd0 (strlen              ) R-> (2007.0) 0x04c31020 strlen
--5085-- REDIR: 0x401b920 (ld-linux-x86-64.so.2:index) redirected to 0x4c30bc0 (index)
--5085-- REDIR: 0x401bb40 (ld-linux-x86-64.so.2:strcmp) redirected to 0x4c320d0 (strcmp)
--5085-- REDIR: 0x401dd30 (ld-linux-x86-64.so.2:mempcpy) redirected to 0x4c35270 (mempcpy)
--5085-- Reading syms from /lib/x86_64-linux-gnu/libgcrypt.so.20.0.5
--5085--    object doesn't have a symbol table
--5085-- Reading syms from /usr/lib/x86_64-linux-gnu/libgomp.so.1.0.0
--5085--   Considering /usr/lib/x86_64-linux-gnu/libgomp.so.1.0.0 ..
--5085--   .. CRC mismatch (computed eb9a9b2b wanted 6dd5a7f9)
--5085--    object doesn't have a symbol table
--5085-- Reading syms from /lib/x86_64-linux-gnu/libpthread-2.23.so
--5085--   Considering /usr/lib/debug/.build-id/ce/17e023542265fc11d9bc8f534bb4f070493d30.debug ..
--5085--   .. build-id is valid
--5085-- Reading syms from /lib/x86_64-linux-gnu/libc-2.23.so
--5085--   Considering /lib/x86_64-linux-gnu/libc-2.23.so ..
--5085--   .. CRC mismatch (computed 7a8ee3e4 wanted a5190ac4)
--5085--   Considering /usr/lib/debug/lib/x86_64-linux-gnu/libc-2.23.so ..
--5085--   .. CRC is valid
--5085-- Reading syms from /lib/x86_64-linux-gnu/libgpg-error.so.0.17.0
--5085--    object doesn't have a symbol table
--5085-- Reading syms from /lib/x86_64-linux-gnu/libdl-2.23.so
--5085--   Considering /lib/x86_64-linux-gnu/libdl-2.23.so ..
--5085--   .. CRC mismatch (computed 39227170 wanted ab6e2c22)
--5085--   Considering /usr/lib/debug/lib/x86_64-linux-gnu/libdl-2.23.so ..
--5085--   .. CRC is valid
--5085-- REDIR: 0x55e9a00 (libc.so.6:strcasecmp) redirected to 0x4a286f0 (_vgnU_ifunc_wrapper)
--5085-- REDIR: 0x55e5280 (libc.so.6:strcspn) redirected to 0x4a286f0 (_vgnU_ifunc_wrapper)
--5085-- REDIR: 0x55ebcf0 (libc.so.6:strncasecmp) redirected to 0x4a286f0 (_vgnU_ifunc_wrapper)
--5085-- REDIR: 0x55e76f0 (libc.so.6:strpbrk) redirected to 0x4a286f0 (_vgnU_ifunc_wrapper)
--5085-- REDIR: 0x55e7a80 (libc.so.6:strspn) redirected to 0x4a286f0 (_vgnU_ifunc_wrapper)
--5085-- REDIR: 0x55e914b (libc.so.6:memcpy@GLIBC_2.2.5) redirected to 0x4a286f0 (_vgnU_ifunc_wrapper)
--5085-- REDIR: 0x55e7400 (libc.so.6:rindex) redirected to 0x4c308a0 (rindex)
--5085-- REDIR: 0x55e5720 (libc.so.6:strlen) redirected to 0x4c30f60 (strlen)
--5085-- REDIR: 0x55de130 (libc.so.6:malloc) redirected to 0x4c2db20 (malloc)
--5085-- REDIR: 0x55ee470 (libc.so.6:__GI_memcpy) redirected to 0x4c32b00 (__GI_memcpy)
--5085-- REDIR: 0x55e3d10 (libc.so.6:__GI_strcmp) redirected to 0x4c31fe0 (__GI_strcmp)
--5085-- REDIR: 0x55e8ff0 (libc.so.6:__GI_memmove) redirected to 0x4c347e0 (__GI_memmove)
--5085-- REDIR: 0x55de4f0 (libc.so.6:free) redirected to 0x4c2ed80 (free)
--5085-- REDIR: 0x55e91b0 (libc.so.6:memset) redirected to 0x4a286f0 (_vgnU_ifunc_wrapper)
--5085-- REDIR: 0x56cc970 (libc.so.6:__memset_avx2) redirected to 0x4c344c0 (memset)
--5085-- REDIR: 0x55f0760 (libc.so.6:strchrnul) redirected to 0x4c34da0 (strchrnul)
--5085-- REDIR: 0x55e93b0 (libc.so.6:__GI_mempcpy) redirected to 0x4c34fa0 (__GI_mempcpy)
--5085-- REDIR: 0x55f0550 (libc.so.6:rawmemchr) redirected to 0x4c34dd0 (rawmemchr)
--5085-- REDIR: 0x55e5160 (libc.so.6:strcpy) redirected to 0x4a286f0 (_vgnU_ifunc_wrapper)
--5085-- REDIR: 0x55ff9d0 (libc.so.6:__strcpy_sse2_unaligned) redirected to 0x4c31040 (strcpy)
--5085-- REDIR: 0x55e3cd0 (libc.so.6:strcmp) redirected to 0x4a286f0 (_vgnU_ifunc_wrapper)
--5085-- REDIR: 0x55f9570 (libc.so.6:__strcmp_sse2_unaligned) redirected to 0x4c31f90 (strcmp)
--5085-- REDIR: 0x55e8bb0 (libc.so.6:bcmp) redirected to 0x4a286f0 (_vgnU_ifunc_wrapper)
--5085-- REDIR: 0x56c8430 (libc.so.6:__memcmp_sse4_1) redirected to 0x4c33cd0 (__memcmp_sse4_1)
--5085-- REDIR: 0x55ee3f0 (libc.so.6:memcpy@@GLIBC_2.14) redirected to 0x4a286f0 (_vgnU_ifunc_wrapper)
--5085-- REDIR: 0x56a7ea0 (libc.so.6:__memcpy_avx_unaligned) redirected to 0x4c324a0 (memcpy@@GLIBC_2.14)
vex amd64->IR: unhandled instruction bytes: 0x48 0xF 0xC7 0xF0 0x72 0x4 0xFF 0xC9
vex amd64->IR:   REX=1 REX.W=1 REX.R=0 REX.X=0 REX.B=0
vex amd64->IR:   VEX=0 VEX.L=0 VEX.nVVVV=0x0 ESC=0F
vex amd64->IR:   PFX.66=0 PFX.F2=0 PFX.F3=0
==5085== valgrind: Unrecognised instruction at address 0x4ed8f23.
==5085==    at 0x4ED8F23: ??? (in /lib/x86_64-linux-gnu/libgcrypt.so.20.0.5)
==5085==    by 0x4ED902A: ??? (in /lib/x86_64-linux-gnu/libgcrypt.so.20.0.5)
==5085==    by 0x4ED91CB: ??? (in /lib/x86_64-linux-gnu/libgcrypt.so.20.0.5)
==5085==    by 0x4ED62FF: ??? (in /lib/x86_64-linux-gnu/libgcrypt.so.20.0.5)
==5085==    by 0x4ED722B: ??? (in /lib/x86_64-linux-gnu/libgcrypt.so.20.0.5)
==5085==    by 0x41D37A: execYaoProtocol (in /home/turing/semesterprojekt_code/leos_code/mpfss/a.out)
==5085==    by 0x403AEE: main (mpfss_naive.c:55)
==5085== Your program just tried to execute an instruction that Valgrind
==5085== did not recognise.  There are two possible reasons for this.
==5085== 1. Your program has a bug and erroneously jumped to a non-code
==5085==    location.  If you are running Memcheck and you just saw a
==5085==    warning about a bad jump, it's probably your program's fault.
==5085== 2. The instruction is legitimate but Valgrind doesn't handle it,
==5085==    i.e. it's Valgrind's fault.  If you think this is the case or
==5085==    you are not sure, please let us know and we'll try to fix it.
==5085== Either way, Valgrind will now raise a SIGILL signal which will
==5085== probably kill your program.
==5085== 
==5085== Process terminating with default action of signal 4 (SIGILL)
==5085==  Illegal opcode at address 0x4ED8F23
==5085==    at 0x4ED8F23: ??? (in /lib/x86_64-linux-gnu/libgcrypt.so.20.0.5)
==5085==    by 0x4ED902A: ??? (in /lib/x86_64-linux-gnu/libgcrypt.so.20.0.5)
==5085==    by 0x4ED91CB: ??? (in /lib/x86_64-linux-gnu/libgcrypt.so.20.0.5)
==5085==    by 0x4ED62FF: ??? (in /lib/x86_64-linux-gnu/libgcrypt.so.20.0.5)
==5085==    by 0x4ED722B: ??? (in /lib/x86_64-linux-gnu/libgcrypt.so.20.0.5)
==5085==    by 0x41D37A: execYaoProtocol (in /home/turing/semesterprojekt_code/leos_code/mpfss/a.out)
==5085==    by 0x403AEE: main (mpfss_naive.c:55)
==5085== 
==5085== HEAP SUMMARY:
==5085==     in use at exit: 4,271 bytes in 34 blocks
==5085==   total heap usage: 92 allocs, 58 frees, 44,924 bytes allocated
==5085== 
==5085== Searching for pointers to 34 not-freed blocks
==5085== Checked 148,728 bytes
==5085== 
==5085== LEAK SUMMARY:
==5085==    definitely lost: 0 bytes in 0 blocks
==5085==    indirectly lost: 0 bytes in 0 blocks
==5085==      possibly lost: 0 bytes in 0 blocks
==5085==    still reachable: 4,271 bytes in 34 blocks
==5085==         suppressed: 0 bytes in 0 blocks
==5085== Reachable blocks (those to which a pointer was found) are not shown.
==5085== To see them, rerun with: --leak-check=full --show-leak-kinds=all
==5085== 
==5085== ERROR SUMMARY: 0 errors from 0 contexts (suppressed: 0 from 0)
==5085== ERROR SUMMARY: 0 errors from 0 contexts (suppressed: 0 from 0)
